<?xml version="1.0" encoding="UTF-8"?>
<!-- Generated by org.testng.reporters.JUnitReportReporter -->
<testsuite skipped="0" hostname="Binita-Dell-Laptop" name="newpackage.TestngSample" tests="1" failures="0" timestamp="12 Sep 2020 10:26:56 GMT" time="1.193" errors="0">
  <testcase name="f" time="1.193" classname="newpackage.TestngSample"/>
</testsuite> <!-- newpackage.TestngSample -->
