<?xml version="1.0" encoding="UTF-8"?>
<!-- Generated by org.testng.reporters.JUnitReportReporter -->
<testsuite skipped="0" hostname="Binita-Dell-Laptop" name="newpackage.CookiesWrite" tests="1" failures="0" timestamp="25 Aug 2020 10:23:42 GMT" time="1.456" errors="0">
  <testcase name="f" time="1.456" classname="newpackage.CookiesWrite"/>
</testsuite> <!-- newpackage.CookiesWrite -->
